A51 MACRO ASSEMBLER  QTION3                                                               11/16/2021 20:03:28 PAGE     1


MACRO ASSEMBLER A51 V8.01
OBJECT MODULE PLACED IN Qtion3.OBJ
ASSEMBLER INVOKED BY: C:\Keil\C51\BIN\A51.EXE Qtion3.asm SET(SMALL) DEBUG EP

LOC  OBJ            LINE     SOURCE

0000                   1         org 0000H
0000 0150              2         ajmp main
0050                   3         org 0050H
                       4     
  00B0                 5     LCD_set equ p3 
  0080                 6     LCD_data_bus equ p0 
  REG                  7     counter equ r0
  REG                  8     display_pos equ r1 
                       9     
0050                  10     main:
0050                  11     init_LCD:
0050 11B2             12         acall Delay_cmd 
0052 11B2             13         acall Delay_cmd  
                      14     
0054 743B             15         mov a , #00111011b  
0056 1194             16         acall set_up_cmd 
                      17     
0058 740C             18         mov a , #00001100b  
005A 1194             19         acall set_up_cmd
                      20     
005C 7401             21         mov a , #1 
005E 1194             22         acall set_up_cmd 
                      23     
0060 11B2             24         acall Delay_cmd 
0062 11B2             25         acall Delay_cmd  
                      26     
0064                  27     CG_upload_data:
0064 7440             28         mov a , #01000000b  
0066 1194             29         acall set_up_cmd 
0068 9000CC           30         mov dptr , #mov_table 
006B                  31     Up_load_Loop:
006B E4               32         clr a 
006C 93               33         movc a , @a+dptr 
006D 6005             34         jz show_loop_init_display 
006F 11A3             35         acall upload_data 
0071 A3               36         inc dptr 
                      37     
0072 80F7             38         jmp Up_load_Loop 
0074                  39     show_loop_init_display:
0074 7980             40         mov display_pos , #0080H
0076 7800             41         mov counter , #0000H  
0078                  42     show_loop:
0078 E9               43         mov a , display_pos  
0079 1194             44         acall set_up_cmd 
                      45     
007B E8               46         mov a , counter  
007C 11A3             47         acall upload_data 
007E 11BF             48         acall delay
                      49     
0080 08               50         inc counter 
0081 B802F4           51         cjne counter , #0002H , show_loop 
0084 7800             52         mov counter , #0000H  
0086 09               53         inc display_pos
                      54         
0087 7401             55         mov a , #1 
0089 1194             56         acall set_up_cmd
008B 11B2             57         acall Delay_cmd 
008D 11B2             58         acall Delay_cmd  
A51 MACRO ASSEMBLER  QTION3                                                               11/16/2021 20:03:28 PAGE     2

                      59     
008F B990E6           60         cjne display_pos , #090H , show_loop 
0092 80E0             61         jmp show_loop_init_display
                      62     
                      63     
0094                  64     set_up_cmd:  
0094 F580             65         mov LCD_data_bus , a 
0096 11B2             66         acall Delay_cmd 
                      67     
0098 75B004           68         mov LCD_set , #00000100b 
009B 11B2             69         acall Delay_cmd 
                      70     
009D 75B000           71         mov LCD_set , #00000000b 
00A0 11B2             72         acall Delay_cmd 
00A2 22               73         ret 
                      74     
00A3                  75     upload_data:
00A3 F580             76         mov LCD_data_bus , a 
00A5 11B2             77         acall Delay_cmd 
00A7 75B005           78         mov LCD_set , #00000101b
00AA 11B2             79         acall Delay_cmd 
00AC 75B001           80         mov LCD_set , #00000001b 
00AF 11B2             81         acall Delay_cmd 
00B1 22               82         ret
                      83     
00B2                  84     Delay_cmd:
00B2 7D0A             85             mov r5,#10
00B4                  86     Del1:
00B4 7EF0             87             mov r6,#0F0H
00B6                  88     Del2:
00B6 7F0A             89             mov r7,#10
00B8                  90     Del3:
00B8 DFFE             91             djnz r7,Del3
00BA DEFA             92             djnz r6,Del2
00BC DDF6             93             djnz r5,Del1
00BE 22               94             ret
                      95     
00BF                  96     delay:
00BF 7DFF             97             mov r5,#0FFH
00C1                  98     delay1:
00C1 7EFF             99             mov r6,#0FFH
00C3                 100     delay2:
00C3 7F0F            101             mov r7,#00FH
00C5                 102     delay3:
00C5 DFFE            103             djnz r7,delay3
00C7 DEFA            104             djnz r6,delay2
00C9 DDF6            105             djnz r5,delay1
00CB 22              106             ret
                     107     
00CC                 108     mov_table:  
00CC 040A041F        109         db 004H , 00AH , 004H , 01FH , 004H 
00D0 04                      
00D1 0A118004        110         db 00AH , 011H , 080H , 004H , 00AH
00D5 0A                      
00D6 150E040A        111         db 015H , 00EH , 004H , 00AH , 080H 
00DA 80                      
00DB 00              112         db 0 
                     113     
                     114         end 
A51 MACRO ASSEMBLER  QTION3                                                               11/16/2021 20:03:28 PAGE     3

SYMBOL TABLE LISTING
------ ----- -------


N A M E                 T Y P E  V A L U E   ATTRIBUTES

CG_UPLOAD_DATA . . . .  C ADDR   0064H   A   
COUNTER. . . . . . . .    REG    R0          
DEL1 . . . . . . . . .  C ADDR   00B4H   A   
DEL2 . . . . . . . . .  C ADDR   00B6H   A   
DEL3 . . . . . . . . .  C ADDR   00B8H   A   
DELAY. . . . . . . . .  C ADDR   00BFH   A   
DELAY1 . . . . . . . .  C ADDR   00C1H   A   
DELAY2 . . . . . . . .  C ADDR   00C3H   A   
DELAY3 . . . . . . . .  C ADDR   00C5H   A   
DELAY_CMD. . . . . . .  C ADDR   00B2H   A   
DISPLAY_POS. . . . . .    REG    R1          
INIT_LCD . . . . . . .  C ADDR   0050H   A   
LCD_DATA_BUS . . . . .  D ADDR   0080H   A   
LCD_SET. . . . . . . .  D ADDR   00B0H   A   
MAIN . . . . . . . . .  C ADDR   0050H   A   
MOV_TABLE. . . . . . .  C ADDR   00CCH   A   
P0 . . . . . . . . . .  D ADDR   0080H   A   
P3 . . . . . . . . . .  D ADDR   00B0H   A   
SET_UP_CMD . . . . . .  C ADDR   0094H   A   
SHOW_LOOP. . . . . . .  C ADDR   0078H   A   
SHOW_LOOP_INIT_DISPLAY  C ADDR   0074H   A   
UPLOAD_DATA. . . . . .  C ADDR   00A3H   A   
UP_LOAD_LOOP . . . . .  C ADDR   006BH   A   


REGISTER BANK(S) USED: 0 


ASSEMBLY COMPLETE.  0 WARNING(S), 0 ERROR(S)
