A51 MACRO ASSEMBLER  QTION3                                                               10/12/2021 20:44:50 PAGE     1


MACRO ASSEMBLER A51 V8.01
OBJECT MODULE PLACED IN Qtion3.OBJ
ASSEMBLER INVOKED BY: C:\Keil\C51\BIN\A51.EXE Qtion3.asm SET(SMALL) DEBUG EP

LOC  OBJ            LINE     SOURCE

0000                   1     org 0000H  
0000 0150              2     ajmp main  
0050                   3     org 0050H  
                       4     
0050                   5     main:
0050 90007B            6         mov dptr , #NUM_Table  
                       7         
0053 7901              8         mov r1 , #01H  
0055 7A00              9         mov r2 , #0  
0057                  10     loop:
0057 7901             11         mov r1 , #01H  
0059 7800             12         mov r0 , #0  
005B E590             13         mov a , p1 
005D F4               14         cpl a 
005E FA               15         mov r2 , a  
005F 600E             16         jz dis 
                      17         
0061                  18     start1:
0061 EA               19         mov a , r2  
0062 69               20         xrl a , r1 
0063 6009             21         jz dis1  
                      22         
0065 E9               23         mov a , r1  
0066 23               24         rl a 
0067 F9               25         mov r1 ,a 
0068 08               26         inc r0 
                      27     
0069 B808F5           28         cjne r0, #8,start1  
                      29         
006C 8007             30         jmp err 
                      31     
006E                  32     dis1:
006E 08               33         inc r0  
                      34     
006F                  35     dis:
                      36         
006F E8               37         mov a , r0  
0070 93               38         movc a , @a+dptr 
0071 F580             39         mov p0 , a  
0073 80E2             40         jmp loop  
0075                  41     err:
0075 74FF             42         mov a , #0FFH
0077 F580             43         mov p0 , a 
0079 80DC             44         jmp loop 
                      45     
007B                  46     NUM_Table:  
007B C0               47         db 0C0H ;0 
007C F9               48         db 0F9H ;1 
007D A4               49         db 0A4H ;2 
007E B0               50         db 0B0H ;3 
007F 99               51         db 099H ;4 
0080 92               52         db 092H ;5 
0081 82               53         db 082H ;6 
0082 F8               54         db 0F8H ;7 
0083 80               55         db 080H ;8 
0084 90               56         db 090H ;9 
                      57         END 
A51 MACRO ASSEMBLER  QTION3                                                               10/12/2021 20:44:50 PAGE     2

SYMBOL TABLE LISTING
------ ----- -------


N A M E             T Y P E  V A L U E   ATTRIBUTES

DIS. . . . . . . .  C ADDR   006FH   A   
DIS1 . . . . . . .  C ADDR   006EH   A   
ERR. . . . . . . .  C ADDR   0075H   A   
LOOP . . . . . . .  C ADDR   0057H   A   
MAIN . . . . . . .  C ADDR   0050H   A   
NUM_TABLE. . . . .  C ADDR   007BH   A   
P0 . . . . . . . .  D ADDR   0080H   A   
P1 . . . . . . . .  D ADDR   0090H   A   
START1 . . . . . .  C ADDR   0061H   A   


REGISTER BANK(S) USED: 0 


ASSEMBLY COMPLETE.  0 WARNING(S), 0 ERROR(S)
